<?xml version="1.0" encoding="UTF-8"?>
<!-- Generated by org.testng.reporters.JUnitXMLReporter -->
<testsuite ignored="2" hostname="DellXPS13" failures="0" tests="2" name="Test" time="32.637" errors="0" timestamp="2024-11-22T00:30:58 EST">
  <testcase classname="tests.AppInstalledTest" name="firstTest" time="14.133"/>
  <testcase classname="tests.HomeTest" name="fieldTest" time="18.011"/>
  <testcase classname="base.BaseTest" name="@BeforeSuite startServer" time="0.0">
    <ignored/>
  </testcase> <!-- @BeforeSuite startServer -->
  <testcase classname="base.BaseTest" name="@AfterSuite stopServer" time="0.0">
    <ignored/>
  </testcase> <!-- @AfterSuite stopServer -->
</testsuite> <!-- Test -->
