<?xml version="1.0" encoding="UTF-8"?>
<testng-results ignored="2" total="4" passed="2" failed="0" skipped="0">
  <reporter-output>
  </reporter-output>
  <suite started-at="2024-11-22T00:30:25 EST" name="Suite" finished-at="2024-11-22T00:30:58 EST" duration-ms="32637">
    <groups>
    </groups>
    <test started-at="2024-11-22T00:30:25 EST" name="Test" finished-at="2024-11-22T00:30:58 EST" duration-ms="32637">
      <class name="tests.AppInstalledTest">
        <test-method is-config="true" signature="startServer()[pri:0, instance:tests.AppInstalledTest@34cdeda2]" started-at="2024-11-22T00:30:12 EST" name="startServer" finished-at="2024-11-22T00:30:25 EST" duration-ms="13087" status="PASS">
          <reporter-output>
          </reporter-output>
        </test-method> <!-- startServer -->
        <test-method signature="firstTest()[pri:0, instance:tests.AppInstalledTest@34cdeda2]" started-at="2024-11-22T00:30:26 EST" name="firstTest" finished-at="2024-11-22T00:30:40 EST" duration-ms="14133" status="PASS">
          <reporter-output>
          </reporter-output>
        </test-method> <!-- firstTest -->
        <test-method is-config="true" signature="stopServer()[pri:0, instance:tests.AppInstalledTest@34cdeda2]" started-at="2024-11-22T00:30:59 EST" name="stopServer" finished-at="2024-11-22T00:30:59 EST" duration-ms="211" status="PASS">
          <reporter-output>
          </reporter-output>
        </test-method> <!-- stopServer -->
      </class> <!-- tests.AppInstalledTest -->
      <class name="tests.HomeTest">
        <test-method signature="fieldTest()[pri:0, instance:tests.HomeTest@74960bfa]" started-at="2024-11-22T00:30:40 EST" name="fieldTest" finished-at="2024-11-22T00:30:58 EST" duration-ms="18011" status="PASS">
          <reporter-output>
          </reporter-output>
        </test-method> <!-- fieldTest -->
      </class> <!-- tests.HomeTest -->
    </test> <!-- Test -->
  </suite> <!-- Suite -->
</testng-results>
